# JRE version: OpenJDK Runtime Environment (17.0.6) (build 17.0.6+0-b2043.56-10027231)
# Java VM: OpenJDK 64-Bit Server VM (17.0.6+0-b2043.56-10027231, mixed mode, tiered, compressed oops, compressed class ptrs, g1 gc, windows-amd64)
GC Precious Log:
 CPUs: 4 total, 4 available
 Memory: 8071M
 Large Page Support: Disabled
 NUMA Support: Disabled
 Compressed Oops: Enabled (32-bit)
 Heap Region Size: 1M
 Heap Min Capacity: 8M
 Heap Initial Capacity: 128M
 Heap Max Capacity: 2G
 Pre-touch: Disabled
 Parallel Workers: 4
 Concurrent Workers: 1
 Concurrent Refinement Workers: 4
 Periodic GC: Disabled
Heap:
 garbage-first heap   total 429056K, used 250377K [0x0000000080000000, 0x0000000100000000)
  region size 1024K, 4 young (4096K), 4 survivors (4096K)
 Metaspace       used 148546K, committed 149632K, reserved 1179648K
  class space    used 19516K, committed 20032K, reserved 1048576K
GC Heap History (20 events):
Event: 179.932 GC heap after
{Heap after GC invocations=83 (full 0):
 garbage-first heap   total 399360K, used 222001K [0x0000000080000000, 0x0000000100000000)
  region size 1024K, 9 young (9216K), 9 survivors (9216K)
 Metaspace       used 127413K, committed 128384K, reserved 1163264K
  class space    used 16553K, committed 17024K, reserved 1048576K
}
Event: 181.991 GC heap before
{Heap before GC invocations=84 (full 0):
 garbage-first heap   total 429056K, used 341809K [0x0000000080000000, 0x0000000100000000)
  region size 1024K, 127 young (130048K), 9 survivors (9216K)
 Metaspace       used 127420K, committed 128384K, reserved 1163264K
  class space    used 16554K, committed 17024K, reserved 1048576K
}
Event: 182.021 GC heap after
{Heap after GC invocations=85 (full 0):
 garbage-first heap   total 429056K, used 223810K [0x0000000080000000, 0x0000000100000000)
  region size 1024K, 10 young (10240K), 10 survivors (10240K)
 Metaspace       used 127420K, committed 128384K, reserved 1163264K
  class space    used 16554K, committed 17024K, reserved 1048576K
}
Event: 182.118 GC heap before
{Heap before GC invocations=85 (full 0):
 garbage-first heap   total 429056K, used 233026K [0x0000000080000000, 0x0000000100000000)
  region size 1024K, 20 young (20480K), 10 survivors (10240K)
 Metaspace       used 127420K, committed 128384K, reserved 1163264K
  class space    used 16554K, committed 17024K, reserved 1048576K
}
Event: 182.188 GC heap after
{Heap after GC invocations=86 (full 0):
 garbage-first heap   total 429056K, used 221764K [0x0000000080000000, 0x0000000100000000)
  region size 1024K, 2 young (2048K), 2 survivors (2048K)
 Metaspace       used 127420K, committed 128384K, reserved 1163264K
  class space    used 16554K, committed 17024K, reserved 1048576K
}
Event: 183.802 GC heap before
{Heap before GC invocations=86 (full 0):
 garbage-first heap   total 429056K, used 368196K [0x0000000080000000, 0x0000000100000000)
  region size 1024K, 144 young (147456K), 2 survivors (2048K)
 Metaspace       used 127428K, committed 128448K, reserved 1163264K
  class space    used 16554K, committed 17024K, reserved 1048576K
}
Event: 183.963 GC heap after
{Heap after GC invocations=87 (full 0):
 garbage-first heap   total 429056K, used 224080K [0x0000000080000000, 0x0000000100000000)
  region size 1024K, 4 young (4096K), 4 survivors (4096K)
 Metaspace       used 127428K, committed 128448K, reserved 1163264K
  class space    used 16554K, committed 17024K, reserved 1048576K
}
Event: 188.297 GC heap before
{Heap before GC invocations=87 (full 0):
 garbage-first heap   total 429056K, used 338768K [0x0000000080000000, 0x0000000100000000)
  region size 1024K, 118 young (120832K), 4 survivors (4096K)
 Metaspace       used 127802K, committed 128832K, reserved 1163264K
  class space    used 16611K, committed 17088K, reserved 1048576K
}
Event: 188.313 GC heap after
{Heap after GC invocations=88 (full 0):
 garbage-first heap   total 429056K, used 228934K [0x0000000080000000, 0x0000000100000000)
  region size 1024K, 9 young (9216K), 9 survivors (9216K)
 Metaspace       used 127802K, committed 128832K, reserved 1163264K
  class space    used 16611K, committed 17088K, reserved 1048576K
}
Event: 192.357 GC heap before
{Heap before GC invocations=89 (full 0):
 garbage-first heap   total 429056K, used 372294K [0x0000000080000000, 0x0000000100000000)
  region size 1024K, 146 young (149504K), 9 survivors (9216K)
 Metaspace       used 142231K, committed 143232K, reserved 1179648K
  class space    used 18630K, committed 19136K, reserved 1048576K
}
Event: 192.410 GC heap after
{Heap after GC invocations=90 (full 0):
 garbage-first heap   total 429056K, used 240114K [0x0000000080000000, 0x0000000100000000)
  region size 1024K, 19 young (19456K), 19 survivors (19456K)
 Metaspace       used 142231K, committed 143232K, reserved 1179648K
  class space    used 18630K, committed 19136K, reserved 1048576K
}
Event: 192.942 GC heap before
{Heap before GC invocations=90 (full 0):
 garbage-first heap   total 429056K, used 241138K [0x0000000080000000, 0x0000000100000000)
  region size 1024K, 20 young (20480K), 19 survivors (19456K)
 Metaspace       used 142287K, committed 143296K, reserved 1179648K
  class space    used 18639K, committed 19136K, reserved 1048576K
}
Event: 193.184 GC heap after
{Heap after GC invocations=91 (full 0):
 garbage-first heap   total 429056K, used 240557K [0x0000000080000000, 0x0000000100000000)
  region size 1024K, 2 young (2048K), 2 survivors (2048K)
 Metaspace       used 142287K, committed 143296K, reserved 1179648K
  class space    used 18639K, committed 19136K, reserved 1048576K
}
Event: 196.881 GC heap before
{Heap before GC invocations=91 (full 0):
 garbage-first heap   total 429056K, used 364461K [0x0000000080000000, 0x0000000100000000)
  region size 1024K, 123 young (125952K), 2 survivors (2048K)
 Metaspace       used 146060K, committed 147136K, reserved 1179648K
  class space    used 19197K, committed 19712K, reserved 1048576K
}
Event: 196.904 GC heap after
{Heap after GC invocations=92 (full 0):
 garbage-first heap   total 429056K, used 248141K [0x0000000080000000, 0x0000000100000000)
  region size 1024K, 10 young (10240K), 10 survivors (10240K)
 Metaspace       used 146060K, committed 147136K, reserved 1179648K
  class space    used 19197K, committed 19712K, reserved 1048576K
}
Event: 199.352 GC heap before
{Heap before GC invocations=92 (full 0):
 garbage-first heap   total 429056K, used 294221K [0x0000000080000000, 0x0000000100000000)
  region size 1024K, 47 young (48128K), 10 survivors (10240K)
 Metaspace       used 148324K, committed 149440K, reserved 1179648K
  class space    used 19489K, committed 20032K, reserved 1048576K
}
Event: 199.370 GC heap after
{Heap after GC invocations=93 (full 0):
 garbage-first heap   total 429056K, used 250972K [0x0000000080000000, 0x0000000100000000)
  region size 1024K, 4 young (4096K), 4 survivors (4096K)
 Metaspace       used 148324K, committed 149440K, reserved 1179648K
  class space    used 19489K, committed 20032K, reserved 1048576K
}
Event: 199.647 GC heap before
{Heap before GC invocations=93 (full 0):
 garbage-first heap   total 429056K, used 262236K [0x0000000080000000, 0x0000000100000000)
  region size 1024K, 6 young (6144K), 4 survivors (4096K)
 Metaspace       used 148533K, committed 149632K, reserved 1179648K
  class space    used 19515K, committed 20032K, reserved 1048576K
}
Event: 199.657 GC heap after
{Heap after GC invocations=94 (full 0):
 garbage-first heap   total 429056K, used 244311K [0x0000000080000000, 0x0000000100000000)
  region size 1024K, 4 young (4096K), 4 survivors (4096K)
 Metaspace       used 148533K, committed 149632K, reserved 1179648K
  class space    used 19515K, committed 20032K, reserved 1048576K
}
Event: 199.709 GC heap before
{Heap before GC invocations=94 (full 0):
 garbage-first heap   total 429056K, used 262743K [0x0000000080000000, 0x0000000100000000)
  region size 1024K, 5 young (5120K), 4 survivors (4096K)
 Metaspace       used 148546K, committed 149632K, reserved 1179648K
  class space    used 19516K, committed 20032K, reserved 1048576K
}

