# JRE version: OpenJDK Runtime Environment (17.0.6) (build 17.0.6+0-b2043.56-10027231)
# Java VM: OpenJDK 64-Bit Server VM (17.0.6+0-b2043.56-10027231, mixed mode, tiered, compressed oops, compressed class ptrs, g1 gc, windows-amd64)
GC Precious Log:
 CPUs: 4 total, 4 available
 Memory: 8071M
 Large Page Support: Disabled
 NUMA Support: Disabled
 Compressed Oops: Enabled (32-bit)
 Heap Region Size: 1M
 Heap Min Capacity: 8M
 Heap Initial Capacity: 128M
 Heap Max Capacity: 2G
 Pre-touch: Disabled
 Parallel Workers: 4
 Concurrent Workers: 1
 Concurrent Refinement Workers: 4
 Periodic GC: Disabled
Heap:
 garbage-first heap   total 297984K, used 253036K [0x0000000080000000, 0x0000000100000000)
  region size 1024K, 19 young (19456K), 3 survivors (3072K)
 Metaspace       used 187055K, committed 188096K, reserved 1220608K
  class space    used 24140K, committed 24640K, reserved 1048576K
GC Heap History (20 events):
Event: 335.093 GC heap before
{Heap before GC invocations=70 (full 0):
 garbage-first heap   total 247808K, used 221840K [0x0000000080000000, 0x0000000100000000)
  region size 1024K, 15 young (15360K), 3 survivors (3072K)
 Metaspace       used 173527K, committed 174656K, reserved 1204224K
  class space    used 22361K, committed 22912K, reserved 1048576K
}
Event: 335.099 GC heap after
{Heap after GC invocations=71 (full 0):
 garbage-first heap   total 247808K, used 204402K [0x0000000080000000, 0x0000000100000000)
  region size 1024K, 1 young (1024K), 1 survivors (1024K)
 Metaspace       used 173527K, committed 174656K, reserved 1204224K
  class space    used 22361K, committed 22912K, reserved 1048576K
}
Event: 335.372 GC heap before
{Heap before GC invocations=71 (full 0):
 garbage-first heap   total 247808K, used 216690K [0x0000000080000000, 0x0000000100000000)
  region size 1024K, 13 young (13312K), 1 survivors (1024K)
 Metaspace       used 174855K, committed 175936K, reserved 1204224K
  class space    used 22522K, committed 23040K, reserved 1048576K
}
Event: 335.380 GC heap after
{Heap after GC invocations=72 (full 0):
 garbage-first heap   total 297984K, used 205141K [0x0000000080000000, 0x0000000100000000)
  region size 1024K, 2 young (2048K), 2 survivors (2048K)
 Metaspace       used 174855K, committed 175936K, reserved 1204224K
  class space    used 22522K, committed 23040K, reserved 1048576K
}
Event: 338.543 GC heap before
{Heap before GC invocations=72 (full 0):
 garbage-first heap   total 297984K, used 255317K [0x0000000080000000, 0x0000000100000000)
  region size 1024K, 52 young (53248K), 2 survivors (2048K)
 Metaspace       used 176519K, committed 177600K, reserved 1204224K
  class space    used 22726K, committed 23232K, reserved 1048576K
}
Event: 338.570 GC heap after
{Heap after GC invocations=73 (full 0):
 garbage-first heap   total 297984K, used 215842K [0x0000000080000000, 0x0000000100000000)
  region size 1024K, 7 young (7168K), 7 survivors (7168K)
 Metaspace       used 176519K, committed 177600K, reserved 1204224K
  class space    used 22726K, committed 23232K, reserved 1048576K
}
Event: 341.665 GC heap before
{Heap before GC invocations=73 (full 0):
 garbage-first heap   total 297984K, used 252706K [0x0000000080000000, 0x0000000100000000)
  region size 1024K, 42 young (43008K), 7 survivors (7168K)
 Metaspace       used 176575K, committed 177664K, reserved 1204224K
  class space    used 22726K, committed 23232K, reserved 1048576K
}
Event: 342.708 GC heap after
{Heap after GC invocations=74 (full 0):
 garbage-first heap   total 297984K, used 223430K [0x0000000080000000, 0x0000000100000000)
  region size 1024K, 6 young (6144K), 6 survivors (6144K)
 Metaspace       used 176575K, committed 177664K, reserved 1204224K
  class space    used 22726K, committed 23232K, reserved 1048576K
}
Event: 344.716 GC heap before
{Heap before GC invocations=74 (full 0):
 garbage-first heap   total 297984K, used 248006K [0x0000000080000000, 0x0000000100000000)
  region size 1024K, 30 young (30720K), 6 survivors (6144K)
 Metaspace       used 176589K, committed 177664K, reserved 1204224K
  class space    used 22726K, committed 23232K, reserved 1048576K
}
Event: 344.749 GC heap after
{Heap after GC invocations=75 (full 0):
 garbage-first heap   total 297984K, used 226902K [0x0000000080000000, 0x0000000100000000)
  region size 1024K, 3 young (3072K), 3 survivors (3072K)
 Metaspace       used 176589K, committed 177664K, reserved 1204224K
  class space    used 22726K, committed 23232K, reserved 1048576K
}
Event: 354.998 GC heap before
{Heap before GC invocations=75 (full 0):
 garbage-first heap   total 297984K, used 253526K [0x0000000080000000, 0x0000000100000000)
  region size 1024K, 29 young (29696K), 3 survivors (3072K)
 Metaspace       used 176593K, committed 177664K, reserved 1204224K
  class space    used 22727K, committed 23232K, reserved 1048576K
}
Event: 355.019 GC heap after
{Heap after GC invocations=76 (full 0):
 garbage-first heap   total 297984K, used 229873K [0x0000000080000000, 0x0000000100000000)
  region size 1024K, 3 young (3072K), 3 survivors (3072K)
 Metaspace       used 176593K, committed 177664K, reserved 1204224K
  class space    used 22727K, committed 23232K, reserved 1048576K
}
Event: 356.227 GC heap before
{Heap before GC invocations=76 (full 0):
 garbage-first heap   total 297984K, used 255473K [0x0000000080000000, 0x0000000100000000)
  region size 1024K, 28 young (28672K), 3 survivors (3072K)
 Metaspace       used 177446K, committed 178560K, reserved 1212416K
  class space    used 22769K, committed 23296K, reserved 1048576K
}
Event: 356.241 GC heap after
{Heap after GC invocations=77 (full 0):
 garbage-first heap   total 297984K, used 233959K [0x0000000080000000, 0x0000000100000000)
  region size 1024K, 4 young (4096K), 4 survivors (4096K)
 Metaspace       used 177446K, committed 178560K, reserved 1212416K
  class space    used 22769K, committed 23296K, reserved 1048576K
}
Event: 357.552 GC heap before
{Heap before GC invocations=77 (full 0):
 garbage-first heap   total 297984K, used 255463K [0x0000000080000000, 0x0000000100000000)
  region size 1024K, 26 young (26624K), 4 survivors (4096K)
 Metaspace       used 178984K, committed 180032K, reserved 1212416K
  class space    used 22921K, committed 23424K, reserved 1048576K
}
Event: 357.575 GC heap after
{Heap after GC invocations=78 (full 0):
 garbage-first heap   total 297984K, used 236235K [0x0000000080000000, 0x0000000100000000)
  region size 1024K, 3 young (3072K), 3 survivors (3072K)
 Metaspace       used 178984K, committed 180032K, reserved 1212416K
  class space    used 22921K, committed 23424K, reserved 1048576K
}
Event: 359.821 GC heap before
{Heap before GC invocations=78 (full 0):
 garbage-first heap   total 297984K, used 257739K [0x0000000080000000, 0x0000000100000000)
  region size 1024K, 23 young (23552K), 3 survivors (3072K)
 Metaspace       used 182027K, committed 183104K, reserved 1212416K
  class space    used 23459K, committed 24000K, reserved 1048576K
}
Event: 359.833 GC heap after
{Heap after GC invocations=79 (full 0):
 garbage-first heap   total 297984K, used 237231K [0x0000000080000000, 0x0000000100000000)
  region size 1024K, 2 young (2048K), 2 survivors (2048K)
 Metaspace       used 182027K, committed 183104K, reserved 1212416K
  class space    used 23459K, committed 24000K, reserved 1048576K
}
Event: 361.759 GC heap before
{Heap before GC invocations=79 (full 0):
 garbage-first heap   total 297984K, used 257711K [0x0000000080000000, 0x0000000100000000)
  region size 1024K, 23 young (23552K), 2 survivors (2048K)
 Metaspace       used 184942K, committed 186048K, reserved 1212416K
  class space    used 23950K, committed 24512K, reserved 1048576K
}
Event: 361.770 GC heap after
{Heap after GC invocations=80 (full 0):
 garbage-first heap   total 297984K, used 232556K [0x0000000080000000, 0x0000000100000000)
  region size 1024K, 3 young (3072K), 3 survivors (3072K)
 Metaspace       used 184942K, committed 186048K, reserved 1212416K
  class space    used 23950K, committed 24512K, reserved 1048576K
}

