# JRE version: OpenJDK Runtime Environment (17.0.6) (build 17.0.6+0-b2043.56-10027231)
# Java VM: OpenJDK 64-Bit Server VM (17.0.6+0-b2043.56-10027231, mixed mode, tiered, compressed oops, compressed class ptrs, g1 gc, windows-amd64)
GC Precious Log:
 CPUs: 4 total, 4 available
 Memory: 8071M
 Large Page Support: Disabled
 NUMA Support: Disabled
 Compressed Oops: Enabled (32-bit)
 Heap Region Size: 1M
 Heap Min Capacity: 8M
 Heap Initial Capacity: 128M
 Heap Max Capacity: 2G
 Pre-touch: Disabled
 Parallel Workers: 4
 Concurrent Workers: 1
 Concurrent Refinement Workers: 4
 Periodic GC: Disabled
Heap:
 garbage-first heap   total 438272K, used 361434K [0x0000000080000000, 0x0000000100000000)
  region size 1024K, 68 young (69632K), 2 survivors (2048K)
 Metaspace       used 178753K, committed 179904K, reserved 1212416K
  class space    used 22879K, committed 23424K, reserved 1048576K
GC Heap History (20 events):
Event: 73.492 GC heap before
{Heap before GC invocations=65 (full 0):
 garbage-first heap   total 438272K, used 350720K [0x0000000080000000, 0x0000000100000000)
  region size 1024K, 147 young (150528K), 10 survivors (10240K)
 Metaspace       used 147019K, committed 147968K, reserved 1179648K
  class space    used 19129K, committed 19584K, reserved 1048576K
}
Event: 73.572 GC heap after
{Heap after GC invocations=66 (full 0):
 garbage-first heap   total 438272K, used 217600K [0x0000000080000000, 0x0000000100000000)
  region size 1024K, 17 young (17408K), 17 survivors (17408K)
 Metaspace       used 147019K, committed 147968K, reserved 1179648K
  class space    used 19129K, committed 19584K, reserved 1048576K
}
Event: 85.206 GC heap before
{Heap before GC invocations=66 (full 0):
 garbage-first heap   total 438272K, used 374272K [0x0000000080000000, 0x0000000100000000)
  region size 1024K, 154 young (157696K), 17 survivors (17408K)
 Metaspace       used 158031K, committed 158912K, reserved 1187840K
  class space    used 20468K, committed 20864K, reserved 1048576K
}
Event: 85.330 GC heap after
{Heap after GC invocations=67 (full 0):
 garbage-first heap   total 438272K, used 232225K [0x0000000080000000, 0x0000000100000000)
  region size 1024K, 20 young (20480K), 20 survivors (20480K)
 Metaspace       used 158031K, committed 158912K, reserved 1187840K
  class space    used 20468K, committed 20864K, reserved 1048576K
}
Event: 89.329 GC heap before
{Heap before GC invocations=67 (full 0):
 garbage-first heap   total 438272K, used 359201K [0x0000000080000000, 0x0000000100000000)
  region size 1024K, 145 young (148480K), 20 survivors (20480K)
 Metaspace       used 160915K, committed 161920K, reserved 1196032K
  class space    used 20791K, committed 21248K, reserved 1048576K
}
Event: 89.407 GC heap after
{Heap after GC invocations=68 (full 0):
 garbage-first heap   total 438272K, used 242594K [0x0000000080000000, 0x0000000100000000)
  region size 1024K, 10 young (10240K), 10 survivors (10240K)
 Metaspace       used 160915K, committed 161920K, reserved 1196032K
  class space    used 20791K, committed 21248K, reserved 1048576K
}
Event: 130.133 GC heap before
{Heap before GC invocations=68 (full 0):
 garbage-first heap   total 438272K, used 363426K [0x0000000080000000, 0x0000000100000000)
  region size 1024K, 129 young (132096K), 10 survivors (10240K)
 Metaspace       used 169350K, committed 170368K, reserved 1204224K
  class space    used 21707K, committed 22144K, reserved 1048576K
}
Event: 130.291 GC heap after
{Heap after GC invocations=69 (full 0):
 garbage-first heap   total 438272K, used 252928K [0x0000000080000000, 0x0000000100000000)
  region size 1024K, 11 young (11264K), 11 survivors (11264K)
 Metaspace       used 169350K, committed 170368K, reserved 1204224K
  class space    used 21707K, committed 22144K, reserved 1048576K
}
Event: 134.658 GC heap before
{Heap before GC invocations=69 (full 0):
 garbage-first heap   total 438272K, used 364544K [0x0000000080000000, 0x0000000100000000)
  region size 1024K, 121 young (123904K), 11 survivors (11264K)
 Metaspace       used 170445K, committed 171520K, reserved 1204224K
  class space    used 21879K, committed 22400K, reserved 1048576K
}
Event: 134.761 GC heap after
{Heap after GC invocations=70 (full 0):
 garbage-first heap   total 438272K, used 266219K [0x0000000080000000, 0x0000000100000000)
  region size 1024K, 13 young (13312K), 13 survivors (13312K)
 Metaspace       used 170445K, committed 171520K, reserved 1204224K
  class space    used 21879K, committed 22400K, reserved 1048576K
}
Event: 137.519 GC heap before
{Heap before GC invocations=70 (full 0):
 garbage-first heap   total 438272K, used 366571K [0x0000000080000000, 0x0000000100000000)
  region size 1024K, 112 young (114688K), 13 survivors (13312K)
 Metaspace       used 173965K, committed 175104K, reserved 1204224K
  class space    used 22314K, committed 22848K, reserved 1048576K
}
Event: 137.601 GC heap after
{Heap after GC invocations=71 (full 0):
 garbage-first heap   total 438272K, used 274410K [0x0000000080000000, 0x0000000100000000)
  region size 1024K, 8 young (8192K), 8 survivors (8192K)
 Metaspace       used 173965K, committed 175104K, reserved 1204224K
  class space    used 22314K, committed 22848K, reserved 1048576K
}
Event: 139.175 GC heap before
{Heap before GC invocations=71 (full 0):
 garbage-first heap   total 438272K, used 368618K [0x0000000080000000, 0x0000000100000000)
  region size 1024K, 101 young (103424K), 8 survivors (8192K)
 Metaspace       used 174141K, committed 175232K, reserved 1204224K
  class space    used 22331K, committed 22848K, reserved 1048576K
}
Event: 139.204 GC heap after
{Heap after GC invocations=72 (full 0):
 garbage-first heap   total 438272K, used 278778K [0x0000000080000000, 0x0000000100000000)
  region size 1024K, 12 young (12288K), 12 survivors (12288K)
 Metaspace       used 174141K, committed 175232K, reserved 1204224K
  class space    used 22331K, committed 22848K, reserved 1048576K
}
Event: 144.943 GC heap before
{Heap before GC invocations=72 (full 0):
 garbage-first heap   total 438272K, used 370938K [0x0000000080000000, 0x0000000100000000)
  region size 1024K, 103 young (105472K), 12 survivors (12288K)
 Metaspace       used 176127K, committed 177216K, reserved 1204224K
  class space    used 22569K, committed 23104K, reserved 1048576K
}
Event: 145.017 GC heap after
{Heap after GC invocations=73 (full 0):
 garbage-first heap   total 438272K, used 284672K [0x0000000080000000, 0x0000000100000000)
  region size 1024K, 11 young (11264K), 11 survivors (11264K)
 Metaspace       used 176127K, committed 177216K, reserved 1204224K
  class space    used 22569K, committed 23104K, reserved 1048576K
}
Event: 146.635 GC heap before
{Heap before GC invocations=73 (full 0):
 garbage-first heap   total 438272K, used 327680K [0x0000000080000000, 0x0000000100000000)
  region size 1024K, 27 young (27648K), 11 survivors (11264K)
 Metaspace       used 177779K, committed 178880K, reserved 1212416K
  class space    used 22779K, committed 23296K, reserved 1048576K
}
Event: 146.679 GC heap after
{Heap after GC invocations=74 (full 0):
 garbage-first heap   total 438272K, used 292097K [0x0000000080000000, 0x0000000100000000)
  region size 1024K, 7 young (7168K), 7 survivors (7168K)
 Metaspace       used 177779K, committed 178880K, reserved 1212416K
  class space    used 22779K, committed 23296K, reserved 1048576K
}
Event: 146.730 GC heap before
{Heap before GC invocations=74 (full 0):
 garbage-first heap   total 438272K, used 316673K [0x0000000080000000, 0x0000000100000000)
  region size 1024K, 8 young (8192K), 7 survivors (7168K)
 Metaspace       used 177779K, committed 178880K, reserved 1212416K
  class space    used 22779K, committed 23296K, reserved 1048576K
}
Event: 146.752 GC heap after
{Heap after GC invocations=75 (full 0):
 garbage-first heap   total 438272K, used 292826K [0x0000000080000000, 0x0000000100000000)
  region size 1024K, 2 young (2048K), 2 survivors (2048K)
 Metaspace       used 177779K, committed 178880K, reserved 1212416K
  class space    used 22779K, committed 23296K, reserved 1048576K
}

